<?xml version="1.0" encoding="UTF-8"?>
<!-- Generated by org.testng.reporters.JUnitReportReporter -->
<testsuite hostname="DESKTOP-RV7KF9C" name="com.automation.businessscripts.FlipkartVladiation2" tests="1" failures="0" timestamp="16 Jul 2021 04:37:47 GMT" time="17.160" errors="0">
  <testcase name="validateFlipkart2" time="17.160" classname="com.automation.businessscripts.FlipkartVladiation2"/>
</testsuite> <!-- com.automation.businessscripts.FlipkartVladiation2 -->
