<?xml version="1.0" encoding="UTF-8"?>
<!-- Generated by org.testng.reporters.JUnitReportReporter -->
<testsuite hostname="DESKTOP-RV7KF9C" name="com.createquote.pagetest.Verifycreatequote" tests="1" failures="0" timestamp="5 May 2021 06:24:40 GMT" time="42.327" errors="0">
  <testcase name="validateCreatequote" time="42.327" classname="com.createquote.pagetest.Verifycreatequote"/>
</testsuite> <!-- com.createquote.pagetest.Verifycreatequote -->
