<?xml version="1.0" encoding="UTF-8"?>
<!-- Generated by org.testng.reporters.JUnitReportReporter -->
<testsuite hostname="DESKTOP-RV7KF9C" name="com.automation.businessscripts.Amazon" tests="1" failures="0" timestamp="14 Jul 2021 07:00:27 GMT" time="6.076" errors="0">
  <testcase name="validate" time="6.076" classname="com.automation.businessscripts.Amazon"/>
</testsuite> <!-- com.automation.businessscripts.Amazon -->
