<?xml version="1.0" encoding="UTF-8"?>
<!-- Generated by org.testng.reporters.JUnitReportReporter -->
<testsuite hostname="DESKTOP-RV7KF9C" name="com.automation.businessscripts.PracticeTest" tests="5" failures="0" timestamp="9 Jul 2021 06:35:52 GMT" time="43.994" errors="0">
  <testcase name="validatedataProvider" time="11.583" classname="com.automation.businessscripts.PracticeTest"/>
  <testcase name="validatedataProvider" time="8.750" classname="com.automation.businessscripts.PracticeTest"/>
  <testcase name="validatedataProvider" time="6.913" classname="com.automation.businessscripts.PracticeTest"/>
  <testcase name="validatedataProvider" time="6.679" classname="com.automation.businessscripts.PracticeTest"/>
  <testcase name="validatedataProvider" time="10.069" classname="com.automation.businessscripts.PracticeTest"/>
</testsuite> <!-- com.automation.businessscripts.PracticeTest -->
